<?xml version="1.0" encoding="UTF-8"?><testsuite errors="0" failures="1" name="firstserenity.features.search.SearchByKeywordStory" skipped="0" tests="1" time="0.0" timestamp="2020-05-26 03:56:35"><testcase classname="firstserenity.features.search.SearchByKeywordStory" name="Initialisation"><failure message="The page object class firstserenity.ui.GoogleSearchPage looks dodgy:&#10;Failed to instantiate page (net.thucydides.core.webdriver.DriverConfigurationError: Could not instantiate class io.appium.java_client.AppiumDriver)" type="net.thucydides.core.pages.WrongPageError">The page object class firstserenity.ui.GoogleSearchPage looks dodgy:
Failed to instantiate page (net.thucydides.core.webdriver.DriverConfigurationError: Could not instantiate class io.appium.java_client.AppiumDriver)</failure><system-err>The page object class firstserenity.ui.GoogleSearchPage looks dodgy:
Failed to instantiate page (net.thucydides.core.webdriver.DriverConfigurationError: Could not instantiate class io.appium.java_client.AppiumDriver)&#13;
</system-err></testcase></testsuite>